CRITICAL - 2023-09-17 00:53:19 --> Call to a member function findAll() on null
in APPPATH\Controllers\ProductController.php on line 20.
 1 SYSTEMPATH\CodeIgniter.php(919): App\Controllers\ProductController->badeth()
 2 SYSTEMPATH\CodeIgniter.php(494): CodeIgniter\CodeIgniter->runController(Object(App\Controllers\ProductController))
 3 SYSTEMPATH\CodeIgniter.php(353): CodeIgniter\CodeIgniter->handleRequest(null, Object(Config\Cache), false)
 4 FCPATH\index.php(79): CodeIgniter\CodeIgniter->run()
 5 SYSTEMPATH\Commands\Server\rewrite.php(47): require_once('C:\\laragon\\www\\sample\\public\\index.php')
CRITICAL - 2023-09-17 00:56:27 --> Call to a member function findAll() on null
in APPPATH\Controllers\ProductController.php on line 20.
 1 SYSTEMPATH\CodeIgniter.php(919): App\Controllers\ProductController->badeth()
 2 SYSTEMPATH\CodeIgniter.php(494): CodeIgniter\CodeIgniter->runController(Object(App\Controllers\ProductController))
 3 SYSTEMPATH\CodeIgniter.php(353): CodeIgniter\CodeIgniter->handleRequest(null, Object(Config\Cache), false)
 4 FCPATH\index.php(79): CodeIgniter\CodeIgniter->run()
 5 SYSTEMPATH\Commands\Server\rewrite.php(47): require_once('C:\\laragon\\www\\sample\\public\\index.php')
CRITICAL - 2023-09-17 00:56:28 --> Call to a member function findAll() on null
in APPPATH\Controllers\ProductController.php on line 20.
 1 SYSTEMPATH\CodeIgniter.php(919): App\Controllers\ProductController->badeth()
 2 SYSTEMPATH\CodeIgniter.php(494): CodeIgniter\CodeIgniter->runController(Object(App\Controllers\ProductController))
 3 SYSTEMPATH\CodeIgniter.php(353): CodeIgniter\CodeIgniter->handleRequest(null, Object(Config\Cache), false)
 4 FCPATH\index.php(79): CodeIgniter\CodeIgniter->run()
 5 SYSTEMPATH\Commands\Server\rewrite.php(47): require_once('C:\\laragon\\www\\sample\\public\\index.php')
CRITICAL - 2023-09-17 00:56:29 --> Call to a member function findAll() on null
in APPPATH\Controllers\ProductController.php on line 20.
 1 SYSTEMPATH\CodeIgniter.php(919): App\Controllers\ProductController->badeth()
 2 SYSTEMPATH\CodeIgniter.php(494): CodeIgniter\CodeIgniter->runController(Object(App\Controllers\ProductController))
 3 SYSTEMPATH\CodeIgniter.php(353): CodeIgniter\CodeIgniter->handleRequest(null, Object(Config\Cache), false)
 4 FCPATH\index.php(79): CodeIgniter\CodeIgniter->run()
 5 SYSTEMPATH\Commands\Server\rewrite.php(47): require_once('C:\\laragon\\www\\sample\\public\\index.php')
CRITICAL - 2023-09-17 00:56:29 --> Call to a member function findAll() on null
in APPPATH\Controllers\ProductController.php on line 20.
 1 SYSTEMPATH\CodeIgniter.php(919): App\Controllers\ProductController->badeth()
 2 SYSTEMPATH\CodeIgniter.php(494): CodeIgniter\CodeIgniter->runController(Object(App\Controllers\ProductController))
 3 SYSTEMPATH\CodeIgniter.php(353): CodeIgniter\CodeIgniter->handleRequest(null, Object(Config\Cache), false)
 4 FCPATH\index.php(79): CodeIgniter\CodeIgniter->run()
 5 SYSTEMPATH\Commands\Server\rewrite.php(47): require_once('C:\\laragon\\www\\sample\\public\\index.php')
CRITICAL - 2023-09-17 00:56:29 --> Call to a member function findAll() on null
in APPPATH\Controllers\ProductController.php on line 20.
 1 SYSTEMPATH\CodeIgniter.php(919): App\Controllers\ProductController->badeth()
 2 SYSTEMPATH\CodeIgniter.php(494): CodeIgniter\CodeIgniter->runController(Object(App\Controllers\ProductController))
 3 SYSTEMPATH\CodeIgniter.php(353): CodeIgniter\CodeIgniter->handleRequest(null, Object(Config\Cache), false)
 4 FCPATH\index.php(79): CodeIgniter\CodeIgniter->run()
 5 SYSTEMPATH\Commands\Server\rewrite.php(47): require_once('C:\\laragon\\www\\sample\\public\\index.php')
CRITICAL - 2023-09-17 00:56:30 --> Call to a member function findAll() on null
in APPPATH\Controllers\ProductController.php on line 20.
 1 SYSTEMPATH\CodeIgniter.php(919): App\Controllers\ProductController->badeth()
 2 SYSTEMPATH\CodeIgniter.php(494): CodeIgniter\CodeIgniter->runController(Object(App\Controllers\ProductController))
 3 SYSTEMPATH\CodeIgniter.php(353): CodeIgniter\CodeIgniter->handleRequest(null, Object(Config\Cache), false)
 4 FCPATH\index.php(79): CodeIgniter\CodeIgniter->run()
 5 SYSTEMPATH\Commands\Server\rewrite.php(47): require_once('C:\\laragon\\www\\sample\\public\\index.php')
CRITICAL - 2023-09-17 00:57:59 --> Call to a member function findAll() on null
in APPPATH\Controllers\ProductController.php on line 20.
 1 SYSTEMPATH\CodeIgniter.php(919): App\Controllers\ProductController->badeth()
 2 SYSTEMPATH\CodeIgniter.php(494): CodeIgniter\CodeIgniter->runController(Object(App\Controllers\ProductController))
 3 SYSTEMPATH\CodeIgniter.php(353): CodeIgniter\CodeIgniter->handleRequest(null, Object(Config\Cache), false)
 4 FCPATH\index.php(79): CodeIgniter\CodeIgniter->run()
 5 SYSTEMPATH\Commands\Server\rewrite.php(47): require_once('C:\\laragon\\www\\sample\\public\\index.php')
CRITICAL - 2023-09-17 00:57:59 --> Call to a member function findAll() on null
in APPPATH\Controllers\ProductController.php on line 20.
 1 SYSTEMPATH\CodeIgniter.php(919): App\Controllers\ProductController->badeth()
 2 SYSTEMPATH\CodeIgniter.php(494): CodeIgniter\CodeIgniter->runController(Object(App\Controllers\ProductController))
 3 SYSTEMPATH\CodeIgniter.php(353): CodeIgniter\CodeIgniter->handleRequest(null, Object(Config\Cache), false)
 4 FCPATH\index.php(79): CodeIgniter\CodeIgniter->run()
 5 SYSTEMPATH\Commands\Server\rewrite.php(47): require_once('C:\\laragon\\www\\sample\\public\\index.php')
CRITICAL - 2023-09-17 00:58:00 --> Call to a member function findAll() on null
in APPPATH\Controllers\ProductController.php on line 20.
 1 SYSTEMPATH\CodeIgniter.php(919): App\Controllers\ProductController->badeth()
 2 SYSTEMPATH\CodeIgniter.php(494): CodeIgniter\CodeIgniter->runController(Object(App\Controllers\ProductController))
 3 SYSTEMPATH\CodeIgniter.php(353): CodeIgniter\CodeIgniter->handleRequest(null, Object(Config\Cache), false)
 4 FCPATH\index.php(79): CodeIgniter\CodeIgniter->run()
 5 SYSTEMPATH\Commands\Server\rewrite.php(47): require_once('C:\\laragon\\www\\sample\\public\\index.php')
CRITICAL - 2023-09-17 00:58:00 --> Call to a member function findAll() on null
in APPPATH\Controllers\ProductController.php on line 20.
 1 SYSTEMPATH\CodeIgniter.php(919): App\Controllers\ProductController->badeth()
 2 SYSTEMPATH\CodeIgniter.php(494): CodeIgniter\CodeIgniter->runController(Object(App\Controllers\ProductController))
 3 SYSTEMPATH\CodeIgniter.php(353): CodeIgniter\CodeIgniter->handleRequest(null, Object(Config\Cache), false)
 4 FCPATH\index.php(79): CodeIgniter\CodeIgniter->run()
 5 SYSTEMPATH\Commands\Server\rewrite.php(47): require_once('C:\\laragon\\www\\sample\\public\\index.php')
CRITICAL - 2023-09-17 01:03:26 --> Undefined variable $product
in APPPATH\Controllers\ProductController.php on line 20.
 1 APPPATH\Controllers\ProductController.php(20): CodeIgniter\Debug\Exceptions->errorHandler(2, 'Undefined variable $product', 'C:\\laragon\\www\\sample\\app\\Controllers\\ProductController.php', 20)
 2 SYSTEMPATH\CodeIgniter.php(919): App\Controllers\ProductController->badeth()
 3 SYSTEMPATH\CodeIgniter.php(494): CodeIgniter\CodeIgniter->runController(Object(App\Controllers\ProductController))
 4 SYSTEMPATH\CodeIgniter.php(353): CodeIgniter\CodeIgniter->handleRequest(null, Object(Config\Cache), false)
 5 FCPATH\index.php(79): CodeIgniter\CodeIgniter->run()
 6 SYSTEMPATH\Commands\Server\rewrite.php(47): require_once('C:\\laragon\\www\\sample\\public\\index.php')
CRITICAL - 2023-09-17 01:03:27 --> Undefined variable $product
in APPPATH\Controllers\ProductController.php on line 20.
 1 APPPATH\Controllers\ProductController.php(20): CodeIgniter\Debug\Exceptions->errorHandler(2, 'Undefined variable $product', 'C:\\laragon\\www\\sample\\app\\Controllers\\ProductController.php', 20)
 2 SYSTEMPATH\CodeIgniter.php(919): App\Controllers\ProductController->badeth()
 3 SYSTEMPATH\CodeIgniter.php(494): CodeIgniter\CodeIgniter->runController(Object(App\Controllers\ProductController))
 4 SYSTEMPATH\CodeIgniter.php(353): CodeIgniter\CodeIgniter->handleRequest(null, Object(Config\Cache), false)
 5 FCPATH\index.php(79): CodeIgniter\CodeIgniter->run()
 6 SYSTEMPATH\Commands\Server\rewrite.php(47): require_once('C:\\laragon\\www\\sample\\public\\index.php')
CRITICAL - 2023-09-17 01:03:30 --> Undefined variable $product
in APPPATH\Controllers\ProductController.php on line 20.
 1 APPPATH\Controllers\ProductController.php(20): CodeIgniter\Debug\Exceptions->errorHandler(2, 'Undefined variable $product', 'C:\\laragon\\www\\sample\\app\\Controllers\\ProductController.php', 20)
 2 SYSTEMPATH\CodeIgniter.php(919): App\Controllers\ProductController->badeth()
 3 SYSTEMPATH\CodeIgniter.php(494): CodeIgniter\CodeIgniter->runController(Object(App\Controllers\ProductController))
 4 SYSTEMPATH\CodeIgniter.php(353): CodeIgniter\CodeIgniter->handleRequest(null, Object(Config\Cache), false)
 5 FCPATH\index.php(79): CodeIgniter\CodeIgniter->run()
 6 SYSTEMPATH\Commands\Server\rewrite.php(47): require_once('C:\\laragon\\www\\sample\\public\\index.php')
CRITICAL - 2023-09-17 01:03:42 --> Call to a member function findAll() on null
in APPPATH\Controllers\ProductController.php on line 20.
 1 SYSTEMPATH\CodeIgniter.php(919): App\Controllers\ProductController->badeth()
 2 SYSTEMPATH\CodeIgniter.php(494): CodeIgniter\CodeIgniter->runController(Object(App\Controllers\ProductController))
 3 SYSTEMPATH\CodeIgniter.php(353): CodeIgniter\CodeIgniter->handleRequest(null, Object(Config\Cache), false)
 4 FCPATH\index.php(79): CodeIgniter\CodeIgniter->run()
 5 SYSTEMPATH\Commands\Server\rewrite.php(47): require_once('C:\\laragon\\www\\sample\\public\\index.php')
CRITICAL - 2023-09-17 01:09:39 --> Call to a member function findAll() on null
in APPPATH\Controllers\ProductController.php on line 20.
 1 SYSTEMPATH\CodeIgniter.php(919): App\Controllers\ProductController->badeth()
 2 SYSTEMPATH\CodeIgniter.php(494): CodeIgniter\CodeIgniter->runController(Object(App\Controllers\ProductController))
 3 SYSTEMPATH\CodeIgniter.php(353): CodeIgniter\CodeIgniter->handleRequest(null, Object(Config\Cache), false)
 4 FCPATH\index.php(79): CodeIgniter\CodeIgniter->run()
 5 SYSTEMPATH\Commands\Server\rewrite.php(47): require_once('C:\\laragon\\www\\sample\\public\\index.php')
CRITICAL - 2023-09-17 02:14:55 --> syntax error, unexpected identifier "var_dump", expecting "("
in APPPATH\Views\products.php on line 20.
 1 SYSTEMPATH\View\View.php(229): CodeIgniter\View\View->CodeIgniter\View\{closure}()
 2 SYSTEMPATH\Common.php(1188): CodeIgniter\View\View->render('products', [], true)
 3 APPPATH\Controllers\ProductController.php(21): view('products', [...])
 4 SYSTEMPATH\CodeIgniter.php(919): App\Controllers\ProductController->badeth()
 5 SYSTEMPATH\CodeIgniter.php(494): CodeIgniter\CodeIgniter->runController(Object(App\Controllers\ProductController))
 6 SYSTEMPATH\CodeIgniter.php(353): CodeIgniter\CodeIgniter->handleRequest(null, Object(Config\Cache), false)
 7 FCPATH\index.php(79): CodeIgniter\CodeIgniter->run()
 8 SYSTEMPATH\Commands\Server\rewrite.php(47): require_once('C:\\laragon\\www\\sample\\public\\index.php')
CRITICAL - 2023-09-17 02:14:57 --> syntax error, unexpected identifier "var_dump", expecting "("
in APPPATH\Views\products.php on line 20.
 1 SYSTEMPATH\View\View.php(229): CodeIgniter\View\View->CodeIgniter\View\{closure}()
 2 SYSTEMPATH\Common.php(1188): CodeIgniter\View\View->render('products', [], true)
 3 APPPATH\Controllers\ProductController.php(21): view('products', [...])
 4 SYSTEMPATH\CodeIgniter.php(919): App\Controllers\ProductController->badeth()
 5 SYSTEMPATH\CodeIgniter.php(494): CodeIgniter\CodeIgniter->runController(Object(App\Controllers\ProductController))
 6 SYSTEMPATH\CodeIgniter.php(353): CodeIgniter\CodeIgniter->handleRequest(null, Object(Config\Cache), false)
 7 FCPATH\index.php(79): CodeIgniter\CodeIgniter->run()
 8 SYSTEMPATH\Commands\Server\rewrite.php(47): require_once('C:\\laragon\\www\\sample\\public\\index.php')
CRITICAL - 2023-09-17 02:22:40 --> Undefined variable $products
in APPPATH\Views\products.php on line 20.
 1 APPPATH\Views\products.php(20): CodeIgniter\Debug\Exceptions->errorHandler(2, 'Undefined variable $products', 'C:\\laragon\\www\\sample\\app\\Views\\products.php', 20)
 2 SYSTEMPATH\View\View.php(226): include('C:\\laragon\\www\\sample\\app\\Views\\products.php')
 3 SYSTEMPATH\View\View.php(229): CodeIgniter\View\View->CodeIgniter\View\{closure}()
 4 SYSTEMPATH\Common.php(1188): CodeIgniter\View\View->render('products', [], true)
 5 APPPATH\Controllers\ProductController.php(21): view('products', [...])
 6 SYSTEMPATH\CodeIgniter.php(919): App\Controllers\ProductController->badeth()
 7 SYSTEMPATH\CodeIgniter.php(494): CodeIgniter\CodeIgniter->runController(Object(App\Controllers\ProductController))
 8 SYSTEMPATH\CodeIgniter.php(353): CodeIgniter\CodeIgniter->handleRequest(null, Object(Config\Cache), false)
 9 FCPATH\index.php(79): CodeIgniter\CodeIgniter->run()
10 SYSTEMPATH\Commands\Server\rewrite.php(47): require_once('C:\\laragon\\www\\sample\\public\\index.php')
CRITICAL - 2023-09-17 02:24:16 --> syntax error, unexpected end of file
in APPPATH\Views\products.php on line 31.
 1 SYSTEMPATH\View\View.php(229): CodeIgniter\View\View->CodeIgniter\View\{closure}()
 2 SYSTEMPATH\Common.php(1188): CodeIgniter\View\View->render('products', [], true)
 3 APPPATH\Controllers\ProductController.php(21): view('products', [...])
 4 SYSTEMPATH\CodeIgniter.php(919): App\Controllers\ProductController->badeth()
 5 SYSTEMPATH\CodeIgniter.php(494): CodeIgniter\CodeIgniter->runController(Object(App\Controllers\ProductController))
 6 SYSTEMPATH\CodeIgniter.php(353): CodeIgniter\CodeIgniter->handleRequest(null, Object(Config\Cache), false)
 7 FCPATH\index.php(79): CodeIgniter\CodeIgniter->run()
 8 SYSTEMPATH\Commands\Server\rewrite.php(47): require_once('C:\\laragon\\www\\sample\\public\\index.php')
CRITICAL - 2023-09-17 02:25:00 --> syntax error, unexpected end of file
in APPPATH\Views\products.php on line 32.
 1 SYSTEMPATH\View\View.php(229): CodeIgniter\View\View->CodeIgniter\View\{closure}()
 2 SYSTEMPATH\Common.php(1188): CodeIgniter\View\View->render('products', [], true)
 3 APPPATH\Controllers\ProductController.php(21): view('products', [...])
 4 SYSTEMPATH\CodeIgniter.php(919): App\Controllers\ProductController->badeth()
 5 SYSTEMPATH\CodeIgniter.php(494): CodeIgniter\CodeIgniter->runController(Object(App\Controllers\ProductController))
 6 SYSTEMPATH\CodeIgniter.php(353): CodeIgniter\CodeIgniter->handleRequest(null, Object(Config\Cache), false)
 7 FCPATH\index.php(79): CodeIgniter\CodeIgniter->run()
 8 SYSTEMPATH\Commands\Server\rewrite.php(47): require_once('C:\\laragon\\www\\sample\\public\\index.php')
CRITICAL - 2023-09-17 02:25:01 --> syntax error, unexpected end of file
in APPPATH\Views\products.php on line 32.
 1 SYSTEMPATH\View\View.php(229): CodeIgniter\View\View->CodeIgniter\View\{closure}()
 2 SYSTEMPATH\Common.php(1188): CodeIgniter\View\View->render('products', [], true)
 3 APPPATH\Controllers\ProductController.php(21): view('products', [...])
 4 SYSTEMPATH\CodeIgniter.php(919): App\Controllers\ProductController->badeth()
 5 SYSTEMPATH\CodeIgniter.php(494): CodeIgniter\CodeIgniter->runController(Object(App\Controllers\ProductController))
 6 SYSTEMPATH\CodeIgniter.php(353): CodeIgniter\CodeIgniter->handleRequest(null, Object(Config\Cache), false)
 7 FCPATH\index.php(79): CodeIgniter\CodeIgniter->run()
 8 SYSTEMPATH\Commands\Server\rewrite.php(47): require_once('C:\\laragon\\www\\sample\\public\\index.php')
CRITICAL - 2023-09-17 02:25:02 --> syntax error, unexpected end of file
in APPPATH\Views\products.php on line 32.
 1 SYSTEMPATH\View\View.php(229): CodeIgniter\View\View->CodeIgniter\View\{closure}()
 2 SYSTEMPATH\Common.php(1188): CodeIgniter\View\View->render('products', [], true)
 3 APPPATH\Controllers\ProductController.php(21): view('products', [...])
 4 SYSTEMPATH\CodeIgniter.php(919): App\Controllers\ProductController->badeth()
 5 SYSTEMPATH\CodeIgniter.php(494): CodeIgniter\CodeIgniter->runController(Object(App\Controllers\ProductController))
 6 SYSTEMPATH\CodeIgniter.php(353): CodeIgniter\CodeIgniter->handleRequest(null, Object(Config\Cache), false)
 7 FCPATH\index.php(79): CodeIgniter\CodeIgniter->run()
 8 SYSTEMPATH\Commands\Server\rewrite.php(47): require_once('C:\\laragon\\www\\sample\\public\\index.php')
CRITICAL - 2023-09-17 02:25:02 --> syntax error, unexpected end of file
in APPPATH\Views\products.php on line 32.
 1 SYSTEMPATH\View\View.php(229): CodeIgniter\View\View->CodeIgniter\View\{closure}()
 2 SYSTEMPATH\Common.php(1188): CodeIgniter\View\View->render('products', [], true)
 3 APPPATH\Controllers\ProductController.php(21): view('products', [...])
 4 SYSTEMPATH\CodeIgniter.php(919): App\Controllers\ProductController->badeth()
 5 SYSTEMPATH\CodeIgniter.php(494): CodeIgniter\CodeIgniter->runController(Object(App\Controllers\ProductController))
 6 SYSTEMPATH\CodeIgniter.php(353): CodeIgniter\CodeIgniter->handleRequest(null, Object(Config\Cache), false)
 7 FCPATH\index.php(79): CodeIgniter\CodeIgniter->run()
 8 SYSTEMPATH\Commands\Server\rewrite.php(47): require_once('C:\\laragon\\www\\sample\\public\\index.php')
CRITICAL - 2023-09-17 02:49:41 --> syntax error, unexpected token "=>"
in APPPATH\Views\products.php on line 20.
 1 SYSTEMPATH\View\View.php(229): CodeIgniter\View\View->CodeIgniter\View\{closure}()
 2 SYSTEMPATH\Common.php(1188): CodeIgniter\View\View->render('products', [], true)
 3 APPPATH\Controllers\ProductController.php(21): view('products', [...])
 4 SYSTEMPATH\CodeIgniter.php(919): App\Controllers\ProductController->badeth()
 5 SYSTEMPATH\CodeIgniter.php(494): CodeIgniter\CodeIgniter->runController(Object(App\Controllers\ProductController))
 6 SYSTEMPATH\CodeIgniter.php(353): CodeIgniter\CodeIgniter->handleRequest(null, Object(Config\Cache), false)
 7 FCPATH\index.php(79): CodeIgniter\CodeIgniter->run()
 8 SYSTEMPATH\Commands\Server\rewrite.php(47): require_once('C:\\laragon\\www\\sample\\public\\index.php')
CRITICAL - 2023-09-17 06:28:27 --> syntax error, unexpected token "->", expecting variable or "{" or "$"
in APPPATH\Controllers\ProductController.php on line 17.
 1 SYSTEMPATH\Autoloader\Autoloader.php(285): CodeIgniter\Autoloader\Autoloader->includeFile('C:\\laragon\\www\\sample\\app\\Controllers\\ProductController.php')
 2 SYSTEMPATH\Autoloader\Autoloader.php(263): CodeIgniter\Autoloader\Autoloader->loadInNamespace('App\\Controllers\\ProductController')
 3 [internal function]: CodeIgniter\Autoloader\Autoloader->loadClass('App\\Controllers\\ProductController')
 4 SYSTEMPATH\CodeIgniter.php(877): class_exists('\\App\\Controllers\\ProductController', true)
 5 SYSTEMPATH\CodeIgniter.php(481): CodeIgniter\CodeIgniter->startController()
 6 SYSTEMPATH\CodeIgniter.php(353): CodeIgniter\CodeIgniter->handleRequest(null, Object(Config\Cache), false)
 7 FCPATH\index.php(79): CodeIgniter\CodeIgniter->run()
 8 SYSTEMPATH\Commands\Server\rewrite.php(47): require_once('C:\\laragon\\www\\sample\\public\\index.php')
CRITICAL - 2023-09-17 06:29:13 --> syntax error, unexpected token "}"
in APPPATH\Controllers\ProductController.php on line 24.
 1 SYSTEMPATH\Autoloader\Autoloader.php(285): CodeIgniter\Autoloader\Autoloader->includeFile('C:\\laragon\\www\\sample\\app\\Controllers\\ProductController.php')
 2 SYSTEMPATH\Autoloader\Autoloader.php(263): CodeIgniter\Autoloader\Autoloader->loadInNamespace('App\\Controllers\\ProductController')
 3 [internal function]: CodeIgniter\Autoloader\Autoloader->loadClass('App\\Controllers\\ProductController')
 4 SYSTEMPATH\CodeIgniter.php(877): class_exists('\\App\\Controllers\\ProductController', true)
 5 SYSTEMPATH\CodeIgniter.php(481): CodeIgniter\CodeIgniter->startController()
 6 SYSTEMPATH\CodeIgniter.php(353): CodeIgniter\CodeIgniter->handleRequest(null, Object(Config\Cache), false)
 7 FCPATH\index.php(79): CodeIgniter\CodeIgniter->run()
 8 SYSTEMPATH\Commands\Server\rewrite.php(47): require_once('C:\\laragon\\www\\sample\\public\\index.php')
CRITICAL - 2023-09-17 06:51:13 --> Trying to access array offset on value of type int
in APPPATH\Views\products.php on line 44.
 1 APPPATH\Views\products.php(44): CodeIgniter\Debug\Exceptions->errorHandler(2, 'Trying to access array offset on value of type int', 'C:\\laragon\\www\\sample\\app\\Views\\products.php', 44)
 2 SYSTEMPATH\View\View.php(226): include('C:\\laragon\\www\\sample\\app\\Views\\products.php')
 3 SYSTEMPATH\View\View.php(229): CodeIgniter\View\View->CodeIgniter\View\{closure}()
 4 SYSTEMPATH\Common.php(1188): CodeIgniter\View\View->render('products', [], true)
 5 APPPATH\Controllers\ProductController.php(34): view('products', [...])
 6 SYSTEMPATH\CodeIgniter.php(919): App\Controllers\ProductController->badeth()
 7 SYSTEMPATH\CodeIgniter.php(494): CodeIgniter\CodeIgniter->runController(Object(App\Controllers\ProductController))
 8 SYSTEMPATH\CodeIgniter.php(353): CodeIgniter\CodeIgniter->handleRequest(null, Object(Config\Cache), false)
 9 FCPATH\index.php(79): CodeIgniter\CodeIgniter->run()
10 SYSTEMPATH\Commands\Server\rewrite.php(47): require_once('C:\\laragon\\www\\sample\\public\\index.php')
